<?xml version='1.0' encoding='UTF-8'?>
<testsuite hostname="DESKTOP-LLDBQ4H" name="ScriptViewTesting" tests="1" errors="0" failures="0" skipped="0" time="0.306">
                     <properties>
[...]
</properties>
                     <testcase classname="ScriptViewTesting" name="testprofile" time="0.306">
                                                 
                                               </testcase>
                     <system-out><![CDATA[]]></system-out>
                     <system-err><![CDATA[]]></system-err>
                   </testsuite>