<?xml version='1.0' encoding='UTF-8'?>
<testsuite hostname="DESKTOP-LGR5PVC" name="Twitteractortesting" tests="1" errors="0" failures="1" skipped="0" time="1.143">
                     <properties>
[...]
</properties>
                     <testcase classname="Twitteractortesting" name="testHelloActor" time="1.143">
                                                 <failure message="java.util.concurrent.ExecutionException: akka.pattern.AskTimeoutException: Ask timed out on [Actor[akka://default/user/TwitterResultActor#1810970749]] after [1000 ms]. Sender[null] sent message of type &quot;java.lang.String&quot;." type="sbt.ForkMain$ForkError">sbt.ForkMain$ForkError: java.util.concurrent.ExecutionException: akka.pattern.AskTimeoutException: Ask timed out on [Actor[akka://default/user/TwitterResultActor#1810970749]] after [1000 ms]. Sender[null] sent message of type &quot;java.lang.String&quot;.
	at java.base/java.util.concurrent.CompletableFuture.reportGet(CompletableFuture.java:395)
	at java.base/java.util.concurrent.CompletableFuture.get(CompletableFuture.java:1999)
	at scala.concurrent.java8.FuturesConvertersImpl$CF.super$get(FutureConvertersImpl.scala:82)
	at scala.concurrent.java8.FuturesConvertersImpl$CF.$anonfun$get$1(FutureConvertersImpl.scala:82)
	at scala.concurrent.BlockContext$DefaultBlockContext$.blockOn(BlockContext.scala:53)
	at scala.concurrent.package$.blocking(package.scala:142)
	at scala.concurrent.java8.FuturesConvertersImpl$CF.get(FutureConvertersImpl.scala:82)
	at Twitteractortesting.testHelloActor(Twitteractortesting.java:67)
	at java.base/jdk.internal.reflect.NativeMethodAccessorImpl.invoke0(Native Method)
	at java.base/jdk.internal.reflect.NativeMethodAccessorImpl.invoke(NativeMethodAccessorImpl.java:62)
	at java.base/jdk.internal.reflect.DelegatingMethodAccessorImpl.invoke(DelegatingMethodAccessorImpl.java:43)
	at java.base/java.lang.reflect.Method.invoke(Method.java:564)
	at org.junit.runners.model.FrameworkMethod$1.runReflectiveCall(FrameworkMethod.java:50)
	at org.junit.internal.runners.model.ReflectiveCallable.run(ReflectiveCallable.java:12)
	at org.junit.runners.model.FrameworkMethod.invokeExplosively(FrameworkMethod.java:47)
	at org.junit.internal.runners.statements.InvokeMethod.evaluate(InvokeMethod.java:17)
	at org.junit.runners.ParentRunner.runLeaf(ParentRunner.java:325)
	at org.junit.runners.BlockJUnit4ClassRunner.runChild(BlockJUnit4ClassRunner.java:78)
	at org.junit.runners.BlockJUnit4ClassRunner.runChild(BlockJUnit4ClassRunner.java:57)
	at org.junit.runners.ParentRunner$3.run(ParentRunner.java:290)
	at org.junit.runners.ParentRunner$1.schedule(ParentRunner.java:71)
	at org.junit.runners.ParentRunner.runChildren(ParentRunner.java:288)
	at org.junit.runners.ParentRunner.access$000(ParentRunner.java:58)
	at org.junit.runners.ParentRunner$2.evaluate(ParentRunner.java:268)
	at org.junit.internal.runners.statements.RunBefores.evaluate(RunBefores.java:26)
	at org.junit.internal.runners.statements.RunAfters.evaluate(RunAfters.java:27)
	at org.junit.runners.ParentRunner.run(ParentRunner.java:363)
	at org.junit.runners.Suite.runChild(Suite.java:128)
	at org.junit.runners.Suite.runChild(Suite.java:27)
	at org.junit.runners.ParentRunner$3.run(ParentRunner.java:290)
	at org.junit.runners.ParentRunner$1.schedule(ParentRunner.java:71)
	at org.junit.runners.ParentRunner.runChildren(ParentRunner.java:288)
	at org.junit.runners.ParentRunner.access$000(ParentRunner.java:58)
	at org.junit.runners.ParentRunner$2.evaluate(ParentRunner.java:268)
	at org.junit.runners.ParentRunner.run(ParentRunner.java:363)
	at org.junit.runner.JUnitCore.run(JUnitCore.java:137)
	at org.junit.runner.JUnitCore.run(JUnitCore.java:115)
	at com.novocode.junit.JUnitRunner$1.execute(JUnitRunner.java:132)
	at sbt.ForkMain$Run$2.call(ForkMain.java:300)
	at sbt.ForkMain$Run$2.call(ForkMain.java:290)
	at java.base/java.util.concurrent.FutureTask.run(FutureTask.java:264)
	at java.base/java.util.concurrent.ThreadPoolExecutor.runWorker(ThreadPoolExecutor.java:1135)
	at java.base/java.util.concurrent.ThreadPoolExecutor$Worker.run(ThreadPoolExecutor.java:635)
	at java.base/java.lang.Thread.run(Thread.java:844)
Caused by: sbt.ForkMain$ForkError: akka.pattern.AskTimeoutException: Ask timed out on [Actor[akka://default/user/TwitterResultActor#1810970749]] after [1000 ms]. Sender[null] sent message of type &quot;java.lang.String&quot;.
	at akka.pattern.PromiseActorRef$.$anonfun$defaultOnTimeout$1(AskSupport.scala:595)
	at akka.pattern.PromiseActorRef$.$anonfun$apply$1(AskSupport.scala:605)
	at akka.actor.Scheduler$$anon$4.run(Scheduler.scala:140)
	at scala.concurrent.Future$InternalCallbackExecutor$.unbatchedExecute(Future.scala:866)
	at scala.concurrent.BatchingExecutor.execute(BatchingExecutor.scala:109)
	at scala.concurrent.BatchingExecutor.execute$(BatchingExecutor.scala:103)
	at scala.concurrent.Future$InternalCallbackExecutor$.execute(Future.scala:864)
	at akka.actor.LightArrayRevolverScheduler$TaskHolder.executeTask(LightArrayRevolverScheduler.scala:328)
	at akka.actor.LightArrayRevolverScheduler$$anon$4.executeBucket$1(LightArrayRevolverScheduler.scala:279)
	at akka.actor.LightArrayRevolverScheduler$$anon$4.nextTick(LightArrayRevolverScheduler.scala:283)
	at akka.actor.LightArrayRevolverScheduler$$anon$4.run(LightArrayRevolverScheduler.scala:235)
	... 1 more
</failure>
                                               </testcase>
                     <system-out><![CDATA[]]></system-out>
                     <system-err><![CDATA[]]></system-err>
                   </testsuite>